[Message:   BepInEx] BepInEx 5.4.22.0 - Lethal Company (28.11.2023 22:01:13)
[Info   :   BepInEx] Running under Unity v2022.3.9.15351836
[Info   :   BepInEx] CLR runtime version: 4.0.30319.42000
[Info   :   BepInEx] Supports SRE: True
[Info   :   BepInEx] System platform: Bits64, Windows
[Message:   BepInEx] Preloader started
[Info   :   BepInEx] Loaded 1 patcher method from [BepInEx.Preloader 5.4.22.0]
[Info   :   BepInEx] Loaded 1 patcher method from [BepInEx.MonoMod.HookGenPatcher 1.2.1.0]
[Info   :   BepInEx] 2 patcher plugins loaded
[Info   :HookGenPatcher] Previous MMHOOK location found. Using that location to save instead.
[Info   :HookGenPatcher] Already ran for this version, reusing that file.
[Info   :HookGenPatcher] Previous MMHOOK location found. Using that location to save instead.
[Info   :HookGenPatcher] Already ran for this version, reusing that file.
[Info   :HookGenPatcher] Previous MMHOOK location found. Using that location to save instead.
[Info   :HookGenPatcher] Already ran for this version, reusing that file.
[Info   :HookGenPatcher] Previous MMHOOK location found. Using that location to save instead.
[Info   :HookGenPatcher] Already ran for this version, reusing that file.
[Info   :HookGenPatcher] Previous MMHOOK location found. Using that location to save instead.
[Info   :HookGenPatcher] Already ran for this version, reusing that file.
[Info   :HookGenPatcher] Previous MMHOOK location found. Using that location to save instead.
[Info   :HookGenPatcher] Already ran for this version, reusing that file.
[Info   :   BepInEx] Patching [UnityEngine.CoreModule] with [BepInEx.Chainloader]
[Message:   BepInEx] Preloader finished
[Message:   BepInEx] Chainloader ready
[Message:   BepInEx] Chainloader started
[Info   :   BepInEx] 10 plugins to load
[Warning:   BepInEx] Skipping [LethalLib 0.3.0] because a newer version exists (LethalLib 0.3.0)
[Info   :   BepInEx] Loading [BiggerLobby 2.2.6]
[Info   :BiggerLobby] BiggerLobby loaded
[Info   :   BepInEx] Loading [BrutalCompany 1.0.0]
[Info   :BrutalCompany] Loaded Brutal Company and applying patches.
[Info   :   BepInEx] Loading [ShipLoot 1.0]
[Info   :   BepInEx] Loading [More Ship Upgrades 1.2.0]
[Info   :com.malco.lethalcompany.moreshipupgrades] More Ship Upgrades has been patched
[Info   :   BepInEx] Loading [Custom Boombox Music 1.3.1]
[Info   :Custom Boombox Music] Loading...
[Info   :Custom Boombox Music] Initializing config...
[Info   :Custom Boombox Music] Config initialized!
[Info   :Custom Boombox Music] Loading Complete!
[Info   :   BepInEx] Loading [LethalLib 0.3.0]
[Info   : LethalLib] LethalLib loaded!!
[Info   :   BepInEx] Loading [LC_API 1.0.0]
[Warning:    LC_API] 
.____    _________           _____  __________ .___  
|    |   \_   ___ \         /  _  \ \______   \|   | 
|    |   /    \  \/        /  /_\  \ |     ___/|   | 
|    |___\     \____      /    |    \|    |    |   | 
|_______ \\______  /______\____|__  /|____|    |___| 
        \/       \//_____/        \/                 
                                                     
[Info   :    LC_API] LC_API Starting up..
[Info   :   BepInEx] Loading [MoreItems 1.0.0]
[Info   : MoreItems] Plugin MoreItems is loaded!
[Info   :   BepInEx] Loading [Late Company 1.0.4]
[Info   :Late Company] Late Company loaded!
[Message:   BepInEx] Chainloader startup complete
[Message:    LC_API] A plugin has set your game to only allow you to play with other people who have mods!
[Warning:BrutalCompany] Changing quota variables
[Message:    LC_API] BundleAPI will now load all asset bundles...
[Warning:    LC_API] The path BepInEx > Bundles is outdated and should not be used anymore! Bundles will be loaded from BepInEx > plugins from now on
[Message:    LC_API] BundleAPI got 1 AssetBundles to load!
[Message:    LC_API] Got asset for load: assets/diagetic.mixer
[Message:    LC_API] Loaded asset: Diagetic
[Message:    LC_API] BundleAPI got 1 AssetBundles to load!
[Error  :    LC_API] Failed to load an assetbundle! Path: D:\SteamLibrary\steamapps\common\Lethal Company\BepInEx\plugins\shipupgrades
[Message:    LC_API] BundleAPI finished loading all assets.
[Info   :    LC_API] LC_API Started!
[Message:    LC_API] server pre-setup success
[Info   :Custom Boombox Music] Preparing to load AudioClips...
[Info   :Custom Boombox Music] Loading D:\SteamLibrary\steamapps\common\Lethal Company\BepInEx\Custom Songs\Boombox Music\Elton John - Im Still Standing (Lyrics).mp3!
[Info   :Custom Boombox Music] Loading D:\SteamLibrary\steamapps\common\Lethal Company\BepInEx\Custom Songs\Boombox Music\Hava Nagila Original.mp3!
[Info   :Custom Boombox Music] Loading D:\SteamLibrary\steamapps\common\Lethal Company\BepInEx\Custom Songs\Boombox Music\Life could be a dream.mp3!
[Info   :Custom Boombox Music] Loading D:\SteamLibrary\steamapps\common\Lethal Company\BepInEx\Custom Songs\Boombox Music\Persona 3 OST - Changing of the Seasons.mp3!
[Info   :Custom Boombox Music] Loading D:\SteamLibrary\steamapps\common\Lethal Company\BepInEx\Custom Songs\Boombox Music\WAKE UP!.mp3!
[Info   : MoreItems] Maximum amount of items that can be saved set to 999.
[Info   : LethalLib] Adding 12 items to terminal
[Info   : LethalLib] MoreShipUpgrades registered item: Portable Tele
[Info   : LethalLib] MoreShipUpgrades registered item: Advanced Portable Tele
[Info   : LethalLib] MoreShipUpgrades registered item: Beekeeper
[Info   : LethalLib] MoreShipUpgrades registered item: Bigger Lungs
[Info   : LethalLib] MoreShipUpgrades registered item: Running Shoes
[Info   : LethalLib] MoreShipUpgrades registered item: Strong Legs
[Info   : LethalLib] MoreShipUpgrades registered item: Malware Broadcaster
[Info   : LethalLib] MoreShipUpgrades registered item: Light Footed
[Info   : LethalLib] MoreShipUpgrades registered item: Night Vision
[Info   : LethalLib] MoreShipUpgrades registered item: Discombobulator
[Info   : LethalLib] MoreShipUpgrades registered item: Better Scanner
[Info   : LethalLib] MoreShipUpgrades registered item: Back Muscles
[Info   :Custom Boombox Music] Loaded D:\SteamLibrary\steamapps\common\Lethal Company\BepInEx\Custom Songs\Boombox Music\Elton John - Im Still Standing (Lyrics).mp3
[Info   :Custom Boombox Music] Loaded D:\SteamLibrary\steamapps\common\Lethal Company\BepInEx\Custom Songs\Boombox Music\Hava Nagila Original.mp3
[Info   :Custom Boombox Music] Loaded D:\SteamLibrary\steamapps\common\Lethal Company\BepInEx\Custom Songs\Boombox Music\Life could be a dream.mp3
[Info   :Custom Boombox Music] Loaded D:\SteamLibrary\steamapps\common\Lethal Company\BepInEx\Custom Songs\Boombox Music\Persona 3 OST - Changing of the Seasons.mp3
[Info   :Custom Boombox Music] Loaded D:\SteamLibrary\steamapps\common\Lethal Company\BepInEx\Custom Songs\Boombox Music\WAKE UP!.mp3
[Warning:    LC_API] Asking all other players for their mod list..
[Warning:BrutalCompany] Map Objects
[Info   :BrutalCompany] Landmine (UnityEngine.GameObject)
[Info   :BrutalCompany] TurretContainer (UnityEngine.GameObject)
[Warning:BrutalCompany] Enemies
[Info   :BrutalCompany] Centipede--rarity = 51
[Info   :BrutalCompany] Bunker Spider--rarity = 58
[Info   :BrutalCompany] Hoarding bug--rarity = 28
[Info   :BrutalCompany] Flowerman--rarity = 13
[Info   :BrutalCompany] Crawler--rarity = 16
[Info   :BrutalCompany] Blob--rarity = 31
[Info   :BrutalCompany] Girl--rarity = 1
[Info   :BrutalCompany] Puffer--rarity = 28
[Warning:BrutalCompany] Daytime Enemies
[Info   :BrutalCompany] Red Locust Bees
[Info   :BrutalCompany] Manticoil
[Info   :BrutalCompany] Docile Locust Bees
[Info   :Custom Boombox Music] Applying clips!
[Info   :Custom Boombox Music] Total Clip Count: 5
[Info   :Custom Boombox Music] Applying clips!
[Info   :Custom Boombox Music] Total Clip Count: 5
[Info   :Custom Boombox Music] Applying clips!
[Info   :Custom Boombox Music] Total Clip Count: 5
[Info   :Custom Boombox Music] Applying clips!
[Info   :Custom Boombox Music] Total Clip Count: 5
[Info   :Custom Boombox Music] Playing Hava Nagila Original.mp3
[Info   :Custom Boombox Music] Playing Hava Nagila Original.mp3
[Info   :Custom Boombox Music] Playing WAKE UP!.mp3
[Message:    LC_API] server pre-setup success
[Info   : MoreItems] Maximum amount of items that can be saved set to 999.
[Info   : LethalLib] Adding 12 items to terminal
[Info   : LethalLib] MoreShipUpgrades registered item: Portable Tele
[Info   : LethalLib] MoreShipUpgrades registered item: Advanced Portable Tele
[Info   : LethalLib] MoreShipUpgrades registered item: Beekeeper
[Info   : LethalLib] MoreShipUpgrades registered item: Bigger Lungs
[Info   : LethalLib] MoreShipUpgrades registered item: Running Shoes
[Info   : LethalLib] MoreShipUpgrades registered item: Strong Legs
[Info   : LethalLib] MoreShipUpgrades registered item: Malware Broadcaster
[Info   : LethalLib] MoreShipUpgrades registered item: Light Footed
[Info   : LethalLib] MoreShipUpgrades registered item: Night Vision
[Info   : LethalLib] MoreShipUpgrades registered item: Discombobulator
[Info   : LethalLib] MoreShipUpgrades registered item: Better Scanner
[Info   : LethalLib] MoreShipUpgrades registered item: Back Muscles
[Warning:    LC_API] Asking all other players for their mod list..
[Warning:BrutalCompany] Map Objects
[Info   :BrutalCompany] Landmine (UnityEngine.GameObject)
[Info   :BrutalCompany] TurretContainer (UnityEngine.GameObject)
[Warning:BrutalCompany] Enemies
[Info   :BrutalCompany] Centipede--rarity = 51
[Info   :BrutalCompany] Bunker Spider--rarity = 58
[Info   :BrutalCompany] Hoarding bug--rarity = 999
[Info   :BrutalCompany] Flowerman--rarity = 13
[Info   :BrutalCompany] Crawler--rarity = 16
[Info   :BrutalCompany] Blob--rarity = 31
[Info   :BrutalCompany] Girl--rarity = 1
[Info   :BrutalCompany] Puffer--rarity = 28
[Warning:BrutalCompany] Daytime Enemies
[Info   :BrutalCompany] Red Locust Bees
[Info   :BrutalCompany] Manticoil
[Info   :BrutalCompany] Docile Locust Bees
[Info   :Custom Boombox Music] Applying clips!
[Info   :Custom Boombox Music] Total Clip Count: 5
[Info   :Custom Boombox Music] Playing Elton John - Im Still Standing (Lyrics).mp3
[Info   :Custom Boombox Music] Playing Elton John - Im Still Standing (Lyrics).mp3
[Info   :Custom Boombox Music] Playing Elton John - Im Still Standing (Lyrics).mp3
[Info   :Custom Boombox Music] Playing WAKE UP!.mp3
[Info   :Custom Boombox Music] Playing Elton John - Im Still Standing (Lyrics).mp3
[Info   :Custom Boombox Music] Playing Elton John - Im Still Standing (Lyrics).mp3
[Info   :Custom Boombox Music] Playing Elton John - Im Still Standing (Lyrics).mp3
[Info   :Custom Boombox Music] Playing Persona 3 OST - Changing of the Seasons.mp3
[Info   :Custom Boombox Music] Playing WAKE UP!.mp3
[Info   :Custom Boombox Music] Playing WAKE UP!.mp3
[Info   :Custom Boombox Music] Playing Persona 3 OST - Changing of the Seasons.mp3
[Info   :Custom Boombox Music] Playing Elton John - Im Still Standing (Lyrics).mp3
[Info   :Custom Boombox Music] Playing Hava Nagila Original.mp3
[Info   :Custom Boombox Music] Playing Hava Nagila Original.mp3
[Info   :Custom Boombox Music] Playing Hava Nagila Original.mp3
[Info   :Custom Boombox Music] Playing WAKE UP!.mp3
[Info   :Custom Boombox Music] Playing Life could be a dream.mp3
[Info   :Custom Boombox Music] Playing WAKE UP!.mp3
[Info   :Custom Boombox Music] Playing Life could be a dream.mp3
[Info   :Custom Boombox Music] Playing Hava Nagila Original.mp3
[Info   :Custom Boombox Music] Playing WAKE UP!.mp3
[Info   :Custom Boombox Music] Playing Life could be a dream.mp3
[Info   :Custom Boombox Music] Playing Life could be a dream.mp3
[Info   :Custom Boombox Music] Playing Elton John - Im Still Standing (Lyrics).mp3
[Info   :Custom Boombox Music] Playing Elton John - Im Still Standing (Lyrics).mp3
[Info   :Custom Boombox Music] Playing Life could be a dream.mp3
[Info   :Custom Boombox Music] Playing Hava Nagila Original.mp3
[Info   :Custom Boombox Music] Playing Life could be a dream.mp3
[Info   :Custom Boombox Music] Playing Elton John - Im Still Standing (Lyrics).mp3
[Info   :Custom Boombox Music] Playing Hava Nagila Original.mp3
[Info   :Custom Boombox Music] Playing Hava Nagila Original.mp3
[Info   :Custom Boombox Music] Playing WAKE UP!.mp3
[Info   :Custom Boombox Music] Playing Persona 3 OST - Changing of the Seasons.mp3
